<?xml version="1.0" encoding="UTF-8"?>
<testsuite xmlns:xsi="http://www.w3.org/2001/XMLSchema-instance" xsi:noNamespaceSchemaLocation="https://maven.apache.org/surefire/maven-surefire-plugin/xsd/surefire-test-report-3.0.xsd" version="3.0" name="com.javatechie.SpringbbotMongoAtlasApplicationTests" time="7.841" tests="1" errors="0" skipped="0" failures="0">
  <properties>
[...]
</properties>
  <testcase name="contextLoads" classname="com.javatechie.SpringbbotMongoAtlasApplicationTests" time="2.363">
    <system-out><![CDATA[02:35:41.779 [main] INFO org.springframework.test.context.support.AnnotationConfigContextLoaderUtils -- Could not detect default configuration classes for test class [com.javatechie.SpringbbotMongoAtlasApplicationTests]: SpringbbotMongoAtlasApplicationTests does not declare any static, non-private, non-final, nested classes annotated with @Configuration.
02:35:41.950 [main] INFO org.springframework.boot.test.context.SpringBootTestContextBootstrapper -- Found @SpringBootConfiguration com.javatechie.SpringbbotMongoAtlasApplication for test class com.javatechie.SpringbbotMongoAtlasApplicationTests
  .   ____          _            __ _ _
 /\\ / ___'_ __ _ _(_)_ __  __ _ \ \ \ \
( ( )\___ | '_ | '_| | '_ \/ _` | \ \ \ \
 \\/  ___)| |_)| | | | | || (_| |  ) ) ) )
  '  |____| .__|_| |_|_| |_\__, | / / / /
 =========|_|==============|___/=/_/_/_/

 :: Spring Boot ::                (v3.3.0)

2024-06-03T02:35:42.685+05:30  INFO 14356 --- [           main] c.j.SpringbbotMongoAtlasApplicationTests : Starting SpringbbotMongoAtlasApplicationTests using Java 21.0.2 with PID 14356 (started by CSC in D:\java_springboot\springboot-mongo-atlas-main)
2024-06-03T02:35:42.688+05:30  INFO 14356 --- [           main] c.j.SpringbbotMongoAtlasApplicationTests : No active profile set, falling back to 1 default profile: "default"
2024-06-03T02:35:43.784+05:30  INFO 14356 --- [           main] .s.d.r.c.RepositoryConfigurationDelegate : Bootstrapping Spring Data MongoDB repositories in DEFAULT mode.
2024-06-03T02:35:43.850+05:30  INFO 14356 --- [           main] .s.d.r.c.RepositoryConfigurationDelegate : Finished Spring Data repository scanning in 58 ms. Found 1 MongoDB repository interface.
2024-06-03T02:35:44.566+05:30  INFO 14356 --- [o7y.mongodb.net] org.mongodb.driver.cluster               : Adding discovered server ac-ufmmdsk-shard-00-01.xywio7y.mongodb.net:27017 to client view of cluster
2024-06-03T02:35:44.598+05:30  INFO 14356 --- [           main] org.mongodb.driver.client                : MongoClient with metadata {"driver": {"name": "mongo-java-driver|sync|spring-boot", "version": "5.0.1"}, "os": {"type": "Windows", "name": "Windows 11", "architecture": "amd64", "version": "10.0"}, "platform": "Java/Oracle Corporation/21.0.2+13-LTS-58"} created with settings MongoClientSettings{readPreference=primary, writeConcern=WriteConcern{w=null, wTimeout=null ms, journal=null}, retryWrites=true, retryReads=true, readConcern=ReadConcern{level=null}, credential=MongoCredential{mechanism=null, userName='rskcse092', source='admin', password=<hidden>, mechanismProperties=<hidden>}, transportSettings=null, commandListeners=[], codecRegistry=ProvidersCodecRegistry{codecProviders=[ValueCodecProvider{}, BsonValueCodecProvider{}, DBRefCodecProvider{}, DBObjectCodecProvider{}, DocumentCodecProvider{}, CollectionCodecProvider{}, IterableCodecProvider{}, MapCodecProvider{}, GeoJsonCodecProvider{}, GridFSFileCodecProvider{}, Jsr310CodecProvider{}, JsonObjectCodecProvider{}, BsonCodecProvider{}, EnumCodecProvider{}, com.mongodb.client.model.mql.ExpressionCodecProvider@6ec63f8, com.mongodb.Jep395RecordCodecProvider@66223d94, com.mongodb.KotlinCodecProvider@2bc7db89]}, loggerSettings=LoggerSettings{maxDocumentLength=1000}, clusterSettings={hosts=[127.0.0.1:27017], srvHost=cluster1.xywio7y.mongodb.net, srvServiceName=mongodb, mode=MULTIPLE, requiredClusterType=REPLICA_SET, requiredReplicaSetName='atlas-e9e13c-shard-0', serverSelector='null', clusterListeners='[]', serverSelectionTimeout='30000 ms', localThreshold='15 ms'}, socketSettings=SocketSettings{connectTimeoutMS=10000, readTimeoutMS=0, receiveBufferSize=0, proxySettings=ProxySettings{host=null, port=null, username=null, password=null}}, heartbeatSocketSettings=SocketSettings{connectTimeoutMS=10000, readTimeoutMS=10000, receiveBufferSize=0, proxySettings=ProxySettings{host=null, port=null, username=null, password=null}}, connectionPoolSettings=ConnectionPoolSettings{maxSize=100, minSize=0, maxWaitTimeMS=120000, maxConnectionLifeTimeMS=0, maxConnectionIdleTimeMS=0, maintenanceInitialDelayMS=0, maintenanceFrequencyMS=60000, connectionPoolListeners=[], maxConnecting=2}, serverSettings=ServerSettings{heartbeatFrequencyMS=10000, minHeartbeatFrequencyMS=500, serverListeners='[]', serverMonitorListeners='[]'}, sslSettings=SslSettings{enabled=true, invalidHostNameAllowed=false, context=null}, applicationName='null', compressorList=[], uuidRepresentation=JAVA_LEGACY, serverApi=null, autoEncryptionSettings=null, dnsClient=null, inetAddressResolver=null, contextProvider=null}
2024-06-03T02:35:44.614+05:30  INFO 14356 --- [o7y.mongodb.net] org.mongodb.driver.cluster               : Adding discovered server ac-ufmmdsk-shard-00-02.xywio7y.mongodb.net:27017 to client view of cluster
2024-06-03T02:35:44.621+05:30  INFO 14356 --- [o7y.mongodb.net] org.mongodb.driver.cluster               : Adding discovered server ac-ufmmdsk-shard-00-00.xywio7y.mongodb.net:27017 to client view of cluster
2024-06-03T02:35:45.880+05:30  INFO 14356 --- [ngodb.net:27017] org.mongodb.driver.cluster               : Monitor thread successfully connected to server with description ServerDescription{address=ac-ufmmdsk-shard-00-00.xywio7y.mongodb.net:27017, type=REPLICA_SET_SECONDARY, state=CONNECTED, ok=true, minWireVersion=0, maxWireVersion=21, maxDocumentSize=16777216, logicalSessionTimeoutMinutes=30, roundTripTimeNanos=752008300, setName='atlas-e9e13c-shard-0', canonicalAddress=ac-ufmmdsk-shard-00-00.xywio7y.mongodb.net:27017, hosts=[ac-ufmmdsk-shard-00-00.xywio7y.mongodb.net:27017, ac-ufmmdsk-shard-00-01.xywio7y.mongodb.net:27017, ac-ufmmdsk-shard-00-02.xywio7y.mongodb.net:27017], passives=[], arbiters=[], primary='ac-ufmmdsk-shard-00-01.xywio7y.mongodb.net:27017', tagSet=TagSet{[Tag{name='availabilityZone', value='aps1-az1'}, Tag{name='diskState', value='READY'}, Tag{name='nodeType', value='ELECTABLE'}, Tag{name='provider', value='AWS'}, Tag{name='region', value='AP_SOUTH_1'}, Tag{name='workloadType', value='OPERATIONAL'}]}, electionId=null, setVersion=22, topologyVersion=TopologyVersion{processId=665c3e7c80c54bab81ac3819, counter=5}, lastWriteDate=Mon Jun 03 02:35:45 IST 2024, lastUpdateTimeNanos=10937685656600}
2024-06-03T02:35:45.880+05:30  INFO 14356 --- [ngodb.net:27017] org.mongodb.driver.cluster               : Monitor thread successfully connected to server with description ServerDescription{address=ac-ufmmdsk-shard-00-01.xywio7y.mongodb.net:27017, type=REPLICA_SET_PRIMARY, state=CONNECTED, ok=true, minWireVersion=0, maxWireVersion=21, maxDocumentSize=16777216, logicalSessionTimeoutMinutes=30, roundTripTimeNanos=754602300, setName='atlas-e9e13c-shard-0', canonicalAddress=ac-ufmmdsk-shard-00-01.xywio7y.mongodb.net:27017, hosts=[ac-ufmmdsk-shard-00-00.xywio7y.mongodb.net:27017, ac-ufmmdsk-shard-00-01.xywio7y.mongodb.net:27017, ac-ufmmdsk-shard-00-02.xywio7y.mongodb.net:27017], passives=[], arbiters=[], primary='ac-ufmmdsk-shard-00-01.xywio7y.mongodb.net:27017', tagSet=TagSet{[Tag{name='availabilityZone', value='aps1-az3'}, Tag{name='diskState', value='READY'}, Tag{name='nodeType', value='ELECTABLE'}, Tag{name='provider', value='AWS'}, Tag{name='region', value='AP_SOUTH_1'}, Tag{name='workloadType', value='OPERATIONAL'}]}, electionId=7fffffff0000000000000014, setVersion=22, topologyVersion=TopologyVersion{processId=665c3dabecfc734fa3446c98, counter=9}, lastWriteDate=Mon Jun 03 02:35:45 IST 2024, lastUpdateTimeNanos=10937685977400}
2024-06-03T02:35:45.881+05:30  INFO 14356 --- [ngodb.net:27017] org.mongodb.driver.cluster               : Monitor thread successfully connected to server with description ServerDescription{address=ac-ufmmdsk-shard-00-02.xywio7y.mongodb.net:27017, type=REPLICA_SET_SECONDARY, state=CONNECTED, ok=true, minWireVersion=0, maxWireVersion=21, maxDocumentSize=16777216, logicalSessionTimeoutMinutes=30, roundTripTimeNanos=754281600, setName='atlas-e9e13c-shard-0', canonicalAddress=ac-ufmmdsk-shard-00-02.xywio7y.mongodb.net:27017, hosts=[ac-ufmmdsk-shard-00-00.xywio7y.mongodb.net:27017, ac-ufmmdsk-shard-00-01.xywio7y.mongodb.net:27017, ac-ufmmdsk-shard-00-02.xywio7y.mongodb.net:27017], passives=[], arbiters=[], primary='ac-ufmmdsk-shard-00-01.xywio7y.mongodb.net:27017', tagSet=TagSet{[Tag{name='availabilityZone', value='aps1-az2'}, Tag{name='diskState', value='READY'}, Tag{name='nodeType', value='ELECTABLE'}, Tag{name='provider', value='AWS'}, Tag{name='region', value='AP_SOUTH_1'}, Tag{name='workloadType', value='OPERATIONAL'}]}, electionId=null, setVersion=22, topologyVersion=TopologyVersion{processId=665c3fc4f66941af2b7ad23b, counter=5}, lastWriteDate=Mon Jun 03 02:35:45 IST 2024, lastUpdateTimeNanos=10937685657300}
2024-06-03T02:35:45.890+05:30  INFO 14356 --- [ngodb.net:27017] org.mongodb.driver.cluster               : Discovered replica set primary ac-ufmmdsk-shard-00-01.xywio7y.mongodb.net:27017 with max election id 7fffffff0000000000000014 and max set version 22
2024-06-03T02:35:46.952+05:30  INFO 14356 --- [           main] c.j.SpringbbotMongoAtlasApplicationTests : Started SpringbbotMongoAtlasApplicationTests in 4.754 seconds (process running for 6.502)
]]></system-out>
    <system-err><![CDATA[WARNING: A Java agent has been loaded dynamically (C:\Users\CSC\.m2\repository\net\bytebuddy\byte-buddy-agent\1.14.16\byte-buddy-agent-1.14.16.jar)
WARNING: If a serviceability tool is in use, please run with -XX:+EnableDynamicAgentLoading to hide this warning
WARNING: If a serviceability tool is not in use, please run with -Djdk.instrument.traceUsage for more information
WARNING: Dynamic loading of agents will be disallowed by default in a future release
]]></system-err>
  </testcase>
</testsuite>